<?xml version="1.0" encoding="UTF-8"?>
<!-- Generated by org.testng.reporters.JUnitXMLReporter -->
<testsuite hostname="H9865.ad.hugeinc.com" ignored="0" name="Default test" tests="4" failures="0" timestamp="2019-12-05T11:05:28 EST" time="211.457" errors="0">
  <testcase name="feature" time="67.094" classname="com.exxon_mobil.runner.TestRunner"/>
  <testcase name="feature" time="47.468" classname="com.exxon_mobil.runner.TestRunner"/>
  <testcase name="feature" time="27.589" classname="com.exxon_mobil.runner.TestRunner"/>
  <testcase name="feature" time="68.786" classname="com.exxon_mobil.runner.TestRunner"/>
</testsuite> <!-- Default test -->
